0 info it worked if it ends with ok
1 verbose cli [ '/Users/itaykimia/.nvm/versions/node/v5.4.1/bin/node',
1 verbose cli   '/Users/itaykimia/.nvm/versions/node/v5.4.1/bin/npm',
1 verbose cli   'publish' ]
2 info using npm@3.3.12
3 info using node@v5.4.1
4 verbose publish [ '.' ]
5 silly cache add args [ '.', null ]
6 verbose cache add spec .
7 silly cache add parsed spec Result {
7 silly cache add   raw: '.',
7 silly cache add   scope: null,
7 silly cache add   name: null,
7 silly cache add   rawSpec: '.',
7 silly cache add   spec: '/Users/itaykimia/Code/node/ggo',
7 silly cache add   type: 'directory' }
8 verbose addLocalDirectory /Users/itaykimia/.npm/ggo/1.0.0/package.tgz not in flight; packing
9 info lifecycle ggo@1.0.0~prepublish: ggo@1.0.0
10 silly lifecycle ggo@1.0.0~prepublish: no script for prepublish, continuing
11 verbose tar pack [ '/Users/itaykimia/.npm/ggo/1.0.0/package.tgz',
11 verbose tar pack   '/Users/itaykimia/Code/node/ggo' ]
12 verbose tarball /Users/itaykimia/.npm/ggo/1.0.0/package.tgz
13 verbose folder /Users/itaykimia/Code/node/ggo
14 verbose addLocalTarball adding from inside cache /Users/itaykimia/.npm/ggo/1.0.0/package.tgz
15 silly cache afterAdd ggo@1.0.0
16 verbose afterAdd /Users/itaykimia/.npm/ggo/1.0.0/package/package.json not in flight; writing
17 verbose afterAdd /Users/itaykimia/.npm/ggo/1.0.0/package/package.json written
18 silly publish { name: 'ggo',
18 silly publish   version: '1.0.0',
18 silly publish   description: 'Writing asynchronous code in a synchronous fashion',
18 silly publish   main: 'index.js',
18 silly publish   scripts: { test: 'tape test/*' },
18 silly publish   keywords:
18 silly publish    [ 'generator',
18 silly publish      'es6',
18 silly publish      'esnext',
18 silly publish      'promise',
18 silly publish      'thunk',
18 silly publish      'flow',
18 silly publish      'control' ],
18 silly publish   author: { name: 'ikimia' },
18 silly publish   repository:
18 silly publish    { type: 'git',
18 silly publish      url: 'git+https://github.com/ikimia/node-ggo.git' },
18 silly publish   engines: { node: '>=4.0.0' },
18 silly publish   license: 'MIT',
18 silly publish   devDependencies: { tape: '^4.4.0' },
18 silly publish   readme: '# ggo [![Build Status](https://travis-ci.org/ikimia/node-ggo.svg?branch=master)](https://travis-ci.org/ikimia/node-ggo)\nTurn node-style asynchronous functions and promises to a synchronous code using ES6 generators.\n## Requirements\nggo is an npm module intended to be run on a node.js version that supports ES6 generators.\n## Installation\n```bash\nnpm install ggo\n```\n## Example\n```javascript\nconst ggo = require(\'ggo\');\nconst request = require(\'request\');\n\nfunction* getJSON(url) {\n  const res = yield cb => request.get(url, cb);\n  return JSON.parse(res.body);\n}\n\nggo(function* () {\n  const status = yield* getJSON(\'https://status.github.com/api/status.json\');\n  console.log(status);\n});\n```\n',
18 silly publish   readmeFilename: 'README.md',
18 silly publish   gitHead: '115714ce6eaa4cca33635253eac240a7a5f3daf5',
18 silly publish   bugs: { url: 'https://github.com/ikimia/node-ggo/issues' },
18 silly publish   homepage: 'https://github.com/ikimia/node-ggo#readme',
18 silly publish   _id: 'ggo@1.0.0',
18 silly publish   _shasum: 'f784eb44a2af9a02fc1f1ff020228214287a834a',
18 silly publish   _from: '.' }
19 verbose getPublishConfig undefined
20 silly mapToRegistry name ggo
21 silly mapToRegistry using default registry
22 silly mapToRegistry registry https://registry.npmjs.org/
23 silly mapToRegistry uri https://registry.npmjs.org/ggo
24 verbose publish registryBase https://registry.npmjs.org/
25 silly publish uploading /Users/itaykimia/.npm/ggo/1.0.0/package.tgz
26 verbose request uri https://registry.npmjs.org/ggo
27 verbose request sending authorization for write operation
28 info attempt registry request try #1 at 10:33:21 PM
29 verbose request using bearer token for auth
30 verbose request id 57d4662435c37946
31 http request PUT https://registry.npmjs.org/ggo
32 http 403 https://registry.npmjs.org/ggo
33 verbose headers { 'content-type': 'application/json',
33 verbose headers   'cache-control': 'max-age=300',
33 verbose headers   'content-length': '95',
33 verbose headers   'accept-ranges': 'bytes',
33 verbose headers   date: 'Sat, 16 Jan 2016 20:33:24 GMT',
33 verbose headers   via: '1.1 varnish',
33 verbose headers   connection: 'keep-alive',
33 verbose headers   'x-served-by': 'cache-lcy1122-LCY',
33 verbose headers   'x-cache': 'MISS',
33 verbose headers   'x-cache-hits': '0',
33 verbose headers   'x-timer': 'S1452976403.297460,VS0,VE1061' }
34 verbose request invalidating /Users/itaykimia/.npm/registry.npmjs.org/ggo on PUT
35 error publish Failed PUT 403
36 verbose stack Error: "You cannot publish over the previously published version 1.0.0." : ggo
36 verbose stack     at makeError (/Users/itaykimia/.nvm/versions/node/v5.4.1/lib/node_modules/npm/node_modules/npm-registry-client/lib/request.js:264:12)
36 verbose stack     at CachingRegistryClient.<anonymous> (/Users/itaykimia/.nvm/versions/node/v5.4.1/lib/node_modules/npm/node_modules/npm-registry-client/lib/request.js:252:14)
36 verbose stack     at Request._callback (/Users/itaykimia/.nvm/versions/node/v5.4.1/lib/node_modules/npm/node_modules/npm-registry-client/lib/request.js:172:14)
36 verbose stack     at Request.self.callback (/Users/itaykimia/.nvm/versions/node/v5.4.1/lib/node_modules/npm/node_modules/request/request.js:198:22)
36 verbose stack     at emitTwo (events.js:87:13)
36 verbose stack     at Request.emit (events.js:172:7)
36 verbose stack     at Request.<anonymous> (/Users/itaykimia/.nvm/versions/node/v5.4.1/lib/node_modules/npm/node_modules/request/request.js:1082:10)
36 verbose stack     at emitOne (events.js:82:20)
36 verbose stack     at Request.emit (events.js:169:7)
36 verbose stack     at IncomingMessage.<anonymous> (/Users/itaykimia/.nvm/versions/node/v5.4.1/lib/node_modules/npm/node_modules/request/request.js:1009:12)
37 verbose statusCode 403
38 verbose pkgid ggo
39 verbose cwd /Users/itaykimia/Code/node/ggo
40 error Darwin 15.2.0
41 error argv "/Users/itaykimia/.nvm/versions/node/v5.4.1/bin/node" "/Users/itaykimia/.nvm/versions/node/v5.4.1/bin/npm" "publish"
42 error node v5.4.1
43 error npm  v3.3.12
44 error code E403
45 error "You cannot publish over the previously published version 1.0.0." : ggo
46 error If you need help, you may report this error at:
46 error     <https://github.com/npm/npm/issues>
47 verbose exit [ 1, true ]
